  shape.cpp
c:\users\amr\desktop\projectttttttttttttt!!!!\team 2 solar system software\primitive_drawing\shape.cpp(51): warning C4244: 'initializing': conversion from 'double' to 'float', possible loss of data
c:\users\amr\desktop\projectttttttttttttt!!!!\team 2 solar system software\primitive_drawing\shape.cpp(51): warning C4244: 'initializing': conversion from 'double' to 'const float', possible loss of data
c:\users\amr\desktop\projectttttttttttttt!!!!\team 2 solar system software\primitive_drawing\shape.cpp(52): warning C4244: 'initializing': conversion from 'double' to 'float', possible loss of data
c:\users\amr\desktop\projectttttttttttttt!!!!\team 2 solar system software\primitive_drawing\shape.cpp(52): warning C4244: 'initializing': conversion from 'double' to 'const float', possible loss of data
c:\users\amr\desktop\projectttttttttttttt!!!!\team 2 solar system software\primitive_drawing\shape.cpp(65): warning C4018: '<': signed/unsigned mismatch
c:\users\amr\desktop\projectttttttttttttt!!!!\team 2 solar system software\primitive_drawing\shape.cpp(66): warning C4018: '<': signed/unsigned mismatch
c:\users\amr\desktop\projectttttttttttttt!!!!\team 2 solar system software\primitive_drawing\shape.cpp(67): warning C4244: 'initializing': conversion from 'double' to 'float', possible loss of data
c:\users\amr\desktop\projectttttttttttttt!!!!\team 2 solar system software\primitive_drawing\shape.cpp(67): warning C4244: 'initializing': conversion from 'double' to 'const float', possible loss of data
c:\users\amr\desktop\projectttttttttttttt!!!!\team 2 solar system software\primitive_drawing\shape.cpp(68): warning C4244: 'initializing': conversion from 'double' to 'float', possible loss of data
c:\users\amr\desktop\projectttttttttttttt!!!!\team 2 solar system software\primitive_drawing\shape.cpp(68): warning C4244: 'initializing': conversion from 'double' to 'const float', possible loss of data
c:\users\amr\desktop\projectttttttttttttt!!!!\team 2 solar system software\primitive_drawing\shape.cpp(69): warning C4244: 'initializing': conversion from 'double' to 'float', possible loss of data
c:\users\amr\desktop\projectttttttttttttt!!!!\team 2 solar system software\primitive_drawing\shape.cpp(69): warning C4244: 'initializing': conversion from 'double' to 'const float', possible loss of data
c:\users\amr\desktop\projectttttttttttttt!!!!\team 2 solar system software\primitive_drawing\shape.cpp(85): warning C4018: '<': signed/unsigned mismatch
c:\users\amr\desktop\projectttttttttttttt!!!!\team 2 solar system software\primitive_drawing\shape.cpp(86): warning C4018: '<': signed/unsigned mismatch
c:\users\amr\desktop\projectttttttttttttt!!!!\team 2 solar system software\primitive_drawing\shape.cpp(97): warning C4018: '<': signed/unsigned mismatch
c:\users\amr\desktop\projectttttttttttttt!!!!\team 2 solar system software\primitive_drawing\shape.cpp(101): warning C4018: '>': signed/unsigned mismatch
c:\users\amr\desktop\projectttttttttttttt!!!!\team 2 solar system software\primitive_drawing\shape.cpp(112): warning C4018: '>': signed/unsigned mismatch
c:\users\amr\desktop\projectttttttttttttt!!!!\team 2 solar system software\primitive_drawing\shape.cpp(126): warning C4018: '>': signed/unsigned mismatch
  Generating Code...
  Skipping... (no relevant changes detected)
  main.cpp
  camera.cpp
  applicationmanager.cpp
  Renderer.cpp
  Primitive_Drawing.vcxproj -> C:\Users\Amr\Desktop\PROJECTTTTTTTTTTTTTT!!!!\team 2 solar system software\Debug\Primitive_Drawing.exe
  Primitive_Drawing.vcxproj -> C:\Users\Amr\Desktop\PROJECTTTTTTTTTTTTTT!!!!\team 2 solar system software\Debug\Primitive_Drawing.pdb (Full PDB)
